2021-09-09 15:53:06,119 [Worker-6: Loading available Gradle versions] INFO  o.e.b.c.i.u.g.PublishedGradleVersions - Gradle version information cache is up-to-date. Trying to read.
2021-09-09 15:59:59,998 [Worker-26: Building] INFO  o.e.m.c.i.l.LifecycleMappingFactory - Using org.eclipse.m2e.jdt.JarLifecycleMapping lifecycle mapping for MavenProject: com.ti2cc:01ConexaoPostgres:0.0.1-SNAPSHOT @ F:\2_Semestre\TI_2\Teste\Exemplo02\ti2cc\fonte\bancodedados\01ConexaoPostgres\pom.xml.
2021-09-09 16:00:00,613 [Worker-30: Updating Maven Dependencies] INFO  o.e.m.c.i.l.LifecycleMappingFactory - Using org.eclipse.m2e.jdt.JarLifecycleMapping lifecycle mapping for MavenProject: com.ti2cc:02WebServiceSimples:0.0.1-SNAPSHOT @ F:\2_Semestre\TI_2\Teste\Exemplo02\ti2cc\fonte\webservices\02WebServiceSimples\pom.xml.
2021-09-09 16:00:00,627 [Worker-26: Building] WARN  o.e.m.c.i.embedder.EclipseLogger - Using platform encoding (Cp1252 actually) to copy filtered resources, i.e. build is platform dependent!
2021-09-09 16:00:00,635 [Worker-26: Building] INFO  o.e.m.c.i.embedder.EclipseLogger - skip non existing resourceDirectory F:\2_Semestre\TI_2\Teste\Exemplo02\ti2cc\fonte\bancodedados\01ConexaoPostgres\src\main\resources
2021-09-09 16:00:00,636 [Worker-26: Building] WARN  o.e.m.c.i.embedder.EclipseLogger - Using platform encoding (Cp1252 actually) to copy filtered resources, i.e. build is platform dependent!
2021-09-09 16:00:00,684 [Worker-26: Building] INFO  o.e.m.c.i.embedder.EclipseLogger - skip non existing resourceDirectory F:\2_Semestre\TI_2\Teste\Exemplo02\ti2cc\fonte\bancodedados\01ConexaoPostgres\src\test\resources
2021-09-09 16:00:00,765 [Worker-26: Building] INFO  o.e.m.c.i.l.LifecycleMappingFactory - Using org.eclipse.m2e.jdt.JarLifecycleMapping lifecycle mapping for MavenProject: com.ti2cc:01HelloWorldSparkFramework:0.0.1-SNAPSHOT @ F:\2_Semestre\TI_2\Teste\Exemplo02\ti2cc\fonte\webservices\01HelloWorldSparkFramework\pom.xml.
2021-09-09 16:00:02,054 [Worker-26: Building] WARN  o.e.m.c.i.embedder.EclipseLogger - Using platform encoding (Cp1252 actually) to copy filtered resources, i.e. build is platform dependent!
2021-09-09 16:00:02,055 [Worker-26: Building] INFO  o.e.m.c.i.embedder.EclipseLogger - skip non existing resourceDirectory F:\2_Semestre\TI_2\Teste\Exemplo02\ti2cc\fonte\webservices\01HelloWorldSparkFramework\src\main\resources
2021-09-09 16:00:02,056 [Worker-26: Building] WARN  o.e.m.c.i.embedder.EclipseLogger - Using platform encoding (Cp1252 actually) to copy filtered resources, i.e. build is platform dependent!
2021-09-09 16:00:02,058 [Worker-26: Building] INFO  o.e.m.c.i.embedder.EclipseLogger - skip non existing resourceDirectory F:\2_Semestre\TI_2\Teste\Exemplo02\ti2cc\fonte\webservices\01HelloWorldSparkFramework\src\test\resources
2021-09-09 16:00:02,121 [Worker-26: Building] INFO  o.e.m.c.i.l.LifecycleMappingFactory - Using org.eclipse.m2e.jdt.JarLifecycleMapping lifecycle mapping for MavenProject: com.ti2cc:02WebServiceSimples:0.0.1-SNAPSHOT @ F:\2_Semestre\TI_2\Teste\Exemplo02\ti2cc\fonte\webservices\02WebServiceSimples\pom.xml.
2021-09-09 16:00:02,222 [Worker-26: Building] WARN  o.e.m.c.i.embedder.EclipseLogger - Using platform encoding (Cp1252 actually) to copy filtered resources, i.e. build is platform dependent!
2021-09-09 16:00:02,226 [Worker-26: Building] INFO  o.e.m.c.i.embedder.EclipseLogger - Copying 1 resource
2021-09-09 16:00:02,231 [Worker-26: Building] WARN  o.e.m.c.i.embedder.EclipseLogger - Using platform encoding (Cp1252 actually) to copy filtered resources, i.e. build is platform dependent!
2021-09-09 16:00:02,231 [Worker-26: Building] INFO  o.e.m.c.i.embedder.EclipseLogger - skip non existing resourceDirectory F:\2_Semestre\TI_2\Teste\Exemplo02\ti2cc\fonte\webservices\02WebServiceSimples\src\test\resources
2021-09-09 16:00:02,262 [Worker-26: Building] INFO  o.e.m.c.i.l.LifecycleMappingFactory - Using org.eclipse.m2e.jdt.JarLifecycleMapping lifecycle mapping for MavenProject: com.ti2cc:03ProdutoService:0.0.1-SNAPSHOT @ F:\2_Semestre\TI_2\Teste\Exemplo02\ti2cc\fonte\webservices\03ProdutoService\pom.xml.
2021-09-09 16:00:02,366 [Worker-26: Building] WARN  o.e.m.c.i.embedder.EclipseLogger - Using platform encoding (Cp1252 actually) to copy filtered resources, i.e. build is platform dependent!
2021-09-09 16:00:02,367 [Worker-26: Building] INFO  o.e.m.c.i.embedder.EclipseLogger - Copying 1 resource
2021-09-09 16:00:02,374 [Worker-26: Building] WARN  o.e.m.c.i.embedder.EclipseLogger - Using platform encoding (Cp1252 actually) to copy filtered resources, i.e. build is platform dependent!
2021-09-09 16:00:02,375 [Worker-26: Building] INFO  o.e.m.c.i.embedder.EclipseLogger - skip non existing resourceDirectory F:\2_Semestre\TI_2\Teste\Exemplo02\ti2cc\fonte\webservices\03ProdutoService\src\test\resources
2021-09-09 16:00:02,991 [Worker-27: Updating Maven Dependencies] INFO  o.e.m.c.i.l.LifecycleMappingFactory - Using org.eclipse.m2e.jdt.JarLifecycleMapping lifecycle mapping for MavenProject: com.ti2cc:02WebServiceSimples:0.0.1-SNAPSHOT @ F:\2_Semestre\TI_2\Teste\Exemplo02\ti2cc\fonte\webservices\02WebServiceSimples\pom.xml.
2021-09-09 16:00:03,038 [Worker-27: Updating Maven Dependencies] INFO  o.e.m.c.i.l.LifecycleMappingFactory - Using org.eclipse.m2e.jdt.JarLifecycleMapping lifecycle mapping for MavenProject: com.ti2cc:03ProdutoService:0.0.1-SNAPSHOT @ F:\2_Semestre\TI_2\Teste\Exemplo02\ti2cc\fonte\webservices\03ProdutoService\pom.xml.
2021-09-09 16:00:03,578 [Worker-27: Building] WARN  o.e.m.c.i.embedder.EclipseLogger - Using platform encoding (Cp1252 actually) to copy filtered resources, i.e. build is platform dependent!
2021-09-09 16:00:03,585 [Worker-27: Building] INFO  o.e.m.c.i.embedder.EclipseLogger - Copying 0 resource
2021-09-09 16:00:03,586 [Worker-27: Building] WARN  o.e.m.c.i.embedder.EclipseLogger - Using platform encoding (Cp1252 actually) to copy filtered resources, i.e. build is platform dependent!
2021-09-09 16:00:03,587 [Worker-27: Building] INFO  o.e.m.c.i.embedder.EclipseLogger - skip non existing resourceDirectory F:\2_Semestre\TI_2\Teste\Exemplo02\ti2cc\fonte\webservices\02WebServiceSimples\src\test\resources
2021-09-09 16:00:03,631 [Worker-27: Building] WARN  o.e.m.c.i.embedder.EclipseLogger - Using platform encoding (Cp1252 actually) to copy filtered resources, i.e. build is platform dependent!
2021-09-09 16:00:03,633 [Worker-27: Building] INFO  o.e.m.c.i.embedder.EclipseLogger - Copying 0 resource
2021-09-09 16:00:03,634 [Worker-27: Building] WARN  o.e.m.c.i.embedder.EclipseLogger - Using platform encoding (Cp1252 actually) to copy filtered resources, i.e. build is platform dependent!
2021-09-09 16:00:03,635 [Worker-27: Building] INFO  o.e.m.c.i.embedder.EclipseLogger - skip non existing resourceDirectory F:\2_Semestre\TI_2\Teste\Exemplo02\ti2cc\fonte\webservices\03ProdutoService\src\test\resources
2021-09-09 16:07:27,240 [Worker-32: Launching Principal] WARN  o.e.m.c.i.embedder.EclipseLogger - Using platform encoding (Cp1252 actually) to copy filtered resources, i.e. build is platform dependent!
2021-09-09 16:07:27,241 [Worker-32: Launching Principal] INFO  o.e.m.c.i.embedder.EclipseLogger - skip non existing resourceDirectory F:\2_Semestre\TI_2\Teste\Exemplo02\ti2cc\fonte\bancodedados\01ConexaoPostgres\src\main\resources
2021-09-09 16:07:27,242 [Worker-32: Launching Principal] WARN  o.e.m.c.i.embedder.EclipseLogger - Using platform encoding (Cp1252 actually) to copy filtered resources, i.e. build is platform dependent!
2021-09-09 16:07:27,244 [Worker-32: Launching Principal] INFO  o.e.m.c.i.embedder.EclipseLogger - skip non existing resourceDirectory F:\2_Semestre\TI_2\Teste\Exemplo02\ti2cc\fonte\bancodedados\01ConexaoPostgres\src\test\resources
2021-09-09 16:11:09,524 [Worker-33: Building] WARN  o.e.m.c.i.embedder.EclipseLogger - Using platform encoding (Cp1252 actually) to copy filtered resources, i.e. build is platform dependent!
2021-09-09 16:11:09,526 [Worker-33: Building] INFO  o.e.m.c.i.embedder.EclipseLogger - skip non existing resourceDirectory F:\2_Semestre\TI_2\Teste\Exemplo02\ti2cc\fonte\bancodedados\01ConexaoPostgres\src\main\resources
2021-09-09 16:11:09,529 [Worker-33: Building] WARN  o.e.m.c.i.embedder.EclipseLogger - Using platform encoding (Cp1252 actually) to copy filtered resources, i.e. build is platform dependent!
2021-09-09 16:11:09,530 [Worker-33: Building] INFO  o.e.m.c.i.embedder.EclipseLogger - skip non existing resourceDirectory F:\2_Semestre\TI_2\Teste\Exemplo02\ti2cc\fonte\bancodedados\01ConexaoPostgres\src\test\resources
2021-09-09 20:34:42,478 [Worker-3: Loading available Gradle versions] INFO  o.e.b.c.i.u.g.PublishedGradleVersions - Gradle version information cache is up-to-date. Trying to read.
2021-09-09 20:38:57,471 [Worker-21: Building] WARN  o.e.m.c.i.embedder.EclipseLogger - Using platform encoding (Cp1252 actually) to copy filtered resources, i.e. build is platform dependent!
2021-09-09 20:38:57,507 [Worker-21: Building] INFO  o.e.m.c.i.embedder.EclipseLogger - skip non existing resourceDirectory F:\2_Semestre\TI_2\Teste\Exemplo02\ti2cc\fonte\bancodedados\01ConexaoPostgres\src\main\resources
2021-09-09 20:38:57,509 [Worker-21: Building] WARN  o.e.m.c.i.embedder.EclipseLogger - Using platform encoding (Cp1252 actually) to copy filtered resources, i.e. build is platform dependent!
2021-09-09 20:38:57,510 [Worker-21: Building] INFO  o.e.m.c.i.embedder.EclipseLogger - skip non existing resourceDirectory F:\2_Semestre\TI_2\Teste\Exemplo02\ti2cc\fonte\bancodedados\01ConexaoPostgres\src\test\resources
2021-09-09 20:38:57,824 [Worker-21: Building] WARN  o.e.m.c.i.embedder.EclipseLogger - Using platform encoding (Cp1252 actually) to copy filtered resources, i.e. build is platform dependent!
2021-09-09 20:38:57,827 [Worker-21: Building] INFO  o.e.m.c.i.embedder.EclipseLogger - skip non existing resourceDirectory F:\2_Semestre\TI_2\Teste\Exemplo02\ti2cc\fonte\webservices\01HelloWorldSparkFramework\src\main\resources
2021-09-09 20:38:57,828 [Worker-21: Building] WARN  o.e.m.c.i.embedder.EclipseLogger - Using platform encoding (Cp1252 actually) to copy filtered resources, i.e. build is platform dependent!
2021-09-09 20:38:57,829 [Worker-21: Building] INFO  o.e.m.c.i.embedder.EclipseLogger - skip non existing resourceDirectory F:\2_Semestre\TI_2\Teste\Exemplo02\ti2cc\fonte\webservices\01HelloWorldSparkFramework\src\test\resources
2021-09-09 20:38:58,051 [Worker-21: Building] WARN  o.e.m.c.i.embedder.EclipseLogger - Using platform encoding (Cp1252 actually) to copy filtered resources, i.e. build is platform dependent!
2021-09-09 20:38:58,059 [Worker-21: Building] INFO  o.e.m.c.i.embedder.EclipseLogger - Copying 1 resource
2021-09-09 20:38:58,064 [Worker-21: Building] WARN  o.e.m.c.i.embedder.EclipseLogger - Using platform encoding (Cp1252 actually) to copy filtered resources, i.e. build is platform dependent!
2021-09-09 20:38:58,065 [Worker-21: Building] INFO  o.e.m.c.i.embedder.EclipseLogger - skip non existing resourceDirectory F:\2_Semestre\TI_2\Teste\Exemplo02\ti2cc\fonte\webservices\02WebServiceSimples\src\test\resources
2021-09-09 20:38:58,117 [Worker-21: Building] WARN  o.e.m.c.i.embedder.EclipseLogger - Using platform encoding (Cp1252 actually) to copy filtered resources, i.e. build is platform dependent!
2021-09-09 20:38:58,119 [Worker-21: Building] INFO  o.e.m.c.i.embedder.EclipseLogger - Copying 1 resource
2021-09-09 20:38:58,120 [Worker-21: Building] WARN  o.e.m.c.i.embedder.EclipseLogger - Using platform encoding (Cp1252 actually) to copy filtered resources, i.e. build is platform dependent!
2021-09-09 20:38:58,121 [Worker-21: Building] INFO  o.e.m.c.i.embedder.EclipseLogger - skip non existing resourceDirectory F:\2_Semestre\TI_2\Teste\Exemplo02\ti2cc\fonte\webservices\03ProdutoService\src\test\resources
2021-09-09 20:43:18,888 [Worker-29: Building] WARN  o.e.m.c.i.embedder.EclipseLogger - Using platform encoding (Cp1252 actually) to copy filtered resources, i.e. build is platform dependent!
2021-09-09 20:43:18,914 [Worker-29: Building] INFO  o.e.m.c.i.embedder.EclipseLogger - skip non existing resourceDirectory F:\2_Semestre\TI_2\Teste\Exemplo02\ti2cc\fonte\bancodedados\01ConexaoPostgres\src\main\resources
2021-09-09 20:43:18,916 [Worker-29: Building] WARN  o.e.m.c.i.embedder.EclipseLogger - Using platform encoding (Cp1252 actually) to copy filtered resources, i.e. build is platform dependent!
2021-09-09 20:43:18,917 [Worker-29: Building] INFO  o.e.m.c.i.embedder.EclipseLogger - skip non existing resourceDirectory F:\2_Semestre\TI_2\Teste\Exemplo02\ti2cc\fonte\bancodedados\01ConexaoPostgres\src\test\resources
2021-09-09 20:47:49,301 [Worker-30: Building] WARN  o.e.m.c.i.embedder.EclipseLogger - Using platform encoding (Cp1252 actually) to copy filtered resources, i.e. build is platform dependent!
2021-09-09 20:47:49,302 [Worker-30: Building] INFO  o.e.m.c.i.embedder.EclipseLogger - skip non existing resourceDirectory F:\2_Semestre\TI_2\Teste\Exemplo02\ti2cc\fonte\bancodedados\01ConexaoPostgres\src\main\resources
2021-09-09 20:47:49,303 [Worker-30: Building] WARN  o.e.m.c.i.embedder.EclipseLogger - Using platform encoding (Cp1252 actually) to copy filtered resources, i.e. build is platform dependent!
2021-09-09 20:47:49,304 [Worker-30: Building] INFO  o.e.m.c.i.embedder.EclipseLogger - skip non existing resourceDirectory F:\2_Semestre\TI_2\Teste\Exemplo02\ti2cc\fonte\bancodedados\01ConexaoPostgres\src\test\resources
2021-09-09 20:49:11,413 [Worker-32: Building] WARN  o.e.m.c.i.embedder.EclipseLogger - Using platform encoding (Cp1252 actually) to copy filtered resources, i.e. build is platform dependent!
2021-09-09 20:49:11,415 [Worker-32: Building] INFO  o.e.m.c.i.embedder.EclipseLogger - skip non existing resourceDirectory F:\2_Semestre\TI_2\Teste\Exemplo02\ti2cc\fonte\bancodedados\01ConexaoPostgres\src\main\resources
2021-09-09 20:49:11,416 [Worker-32: Building] WARN  o.e.m.c.i.embedder.EclipseLogger - Using platform encoding (Cp1252 actually) to copy filtered resources, i.e. build is platform dependent!
2021-09-09 20:49:11,417 [Worker-32: Building] INFO  o.e.m.c.i.embedder.EclipseLogger - skip non existing resourceDirectory F:\2_Semestre\TI_2\Teste\Exemplo02\ti2cc\fonte\bancodedados\01ConexaoPostgres\src\test\resources
2021-09-09 20:55:32,777 [Worker-30: Building] WARN  o.e.m.c.i.embedder.EclipseLogger - Using platform encoding (Cp1252 actually) to copy filtered resources, i.e. build is platform dependent!
2021-09-09 20:55:32,778 [Worker-30: Building] INFO  o.e.m.c.i.embedder.EclipseLogger - skip non existing resourceDirectory F:\2_Semestre\TI_2\Teste\Exemplo02\ti2cc\fonte\bancodedados\01ConexaoPostgres\src\main\resources
2021-09-09 20:55:32,780 [Worker-30: Building] WARN  o.e.m.c.i.embedder.EclipseLogger - Using platform encoding (Cp1252 actually) to copy filtered resources, i.e. build is platform dependent!
2021-09-09 20:55:32,780 [Worker-30: Building] INFO  o.e.m.c.i.embedder.EclipseLogger - skip non existing resourceDirectory F:\2_Semestre\TI_2\Teste\Exemplo02\ti2cc\fonte\bancodedados\01ConexaoPostgres\src\test\resources
2021-09-09 20:55:37,474 [Worker-33: Building] WARN  o.e.m.c.i.embedder.EclipseLogger - Using platform encoding (Cp1252 actually) to copy filtered resources, i.e. build is platform dependent!
2021-09-09 20:55:37,475 [Worker-33: Building] INFO  o.e.m.c.i.embedder.EclipseLogger - skip non existing resourceDirectory F:\2_Semestre\TI_2\Teste\Exemplo02\ti2cc\fonte\bancodedados\01ConexaoPostgres\src\main\resources
2021-09-09 20:55:37,477 [Worker-33: Building] WARN  o.e.m.c.i.embedder.EclipseLogger - Using platform encoding (Cp1252 actually) to copy filtered resources, i.e. build is platform dependent!
2021-09-09 20:55:37,479 [Worker-33: Building] INFO  o.e.m.c.i.embedder.EclipseLogger - skip non existing resourceDirectory F:\2_Semestre\TI_2\Teste\Exemplo02\ti2cc\fonte\bancodedados\01ConexaoPostgres\src\test\resources
2021-09-09 20:55:43,967 [Worker-30: Building] WARN  o.e.m.c.i.embedder.EclipseLogger - Using platform encoding (Cp1252 actually) to copy filtered resources, i.e. build is platform dependent!
2021-09-09 20:55:43,968 [Worker-30: Building] INFO  o.e.m.c.i.embedder.EclipseLogger - skip non existing resourceDirectory F:\2_Semestre\TI_2\Teste\Exemplo02\ti2cc\fonte\bancodedados\01ConexaoPostgres\src\main\resources
2021-09-09 20:55:43,969 [Worker-30: Building] WARN  o.e.m.c.i.embedder.EclipseLogger - Using platform encoding (Cp1252 actually) to copy filtered resources, i.e. build is platform dependent!
2021-09-09 20:55:43,971 [Worker-30: Building] INFO  o.e.m.c.i.embedder.EclipseLogger - skip non existing resourceDirectory F:\2_Semestre\TI_2\Teste\Exemplo02\ti2cc\fonte\bancodedados\01ConexaoPostgres\src\test\resources
2021-09-09 20:58:21,843 [Worker-32: Building] WARN  o.e.m.c.i.embedder.EclipseLogger - Using platform encoding (Cp1252 actually) to copy filtered resources, i.e. build is platform dependent!
2021-09-09 20:58:21,845 [Worker-32: Building] INFO  o.e.m.c.i.embedder.EclipseLogger - skip non existing resourceDirectory F:\2_Semestre\TI_2\Teste\Exemplo02\ti2cc\fonte\bancodedados\01ConexaoPostgres\src\main\resources
2021-09-09 20:58:21,847 [Worker-32: Building] WARN  o.e.m.c.i.embedder.EclipseLogger - Using platform encoding (Cp1252 actually) to copy filtered resources, i.e. build is platform dependent!
2021-09-09 20:58:21,849 [Worker-32: Building] INFO  o.e.m.c.i.embedder.EclipseLogger - skip non existing resourceDirectory F:\2_Semestre\TI_2\Teste\Exemplo02\ti2cc\fonte\bancodedados\01ConexaoPostgres\src\test\resources
2021-09-09 21:01:59,522 [Worker-30: Building] WARN  o.e.m.c.i.embedder.EclipseLogger - Using platform encoding (Cp1252 actually) to copy filtered resources, i.e. build is platform dependent!
2021-09-09 21:01:59,524 [Worker-30: Building] INFO  o.e.m.c.i.embedder.EclipseLogger - skip non existing resourceDirectory F:\2_Semestre\TI_2\Teste\Exemplo02\ti2cc\fonte\bancodedados\01ConexaoPostgres\src\main\resources
2021-09-09 21:01:59,527 [Worker-30: Building] WARN  o.e.m.c.i.embedder.EclipseLogger - Using platform encoding (Cp1252 actually) to copy filtered resources, i.e. build is platform dependent!
2021-09-09 21:01:59,529 [Worker-30: Building] INFO  o.e.m.c.i.embedder.EclipseLogger - skip non existing resourceDirectory F:\2_Semestre\TI_2\Teste\Exemplo02\ti2cc\fonte\bancodedados\01ConexaoPostgres\src\test\resources
2021-09-09 21:04:26,386 [Worker-31: Building] WARN  o.e.m.c.i.embedder.EclipseLogger - Using platform encoding (Cp1252 actually) to copy filtered resources, i.e. build is platform dependent!
2021-09-09 21:04:26,451 [Worker-31: Building] INFO  o.e.m.c.i.embedder.EclipseLogger - skip non existing resourceDirectory F:\2_Semestre\TI_2\Teste\Exemplo02\ti2cc\fonte\bancodedados\01ConexaoPostgres\src\main\resources
2021-09-09 21:04:26,452 [Worker-31: Building] WARN  o.e.m.c.i.embedder.EclipseLogger - Using platform encoding (Cp1252 actually) to copy filtered resources, i.e. build is platform dependent!
2021-09-09 21:04:26,454 [Worker-31: Building] INFO  o.e.m.c.i.embedder.EclipseLogger - skip non existing resourceDirectory F:\2_Semestre\TI_2\Teste\Exemplo02\ti2cc\fonte\bancodedados\01ConexaoPostgres\src\test\resources
2021-09-10 07:09:24,423 [Worker-5: Loading available Gradle versions] INFO  o.e.b.c.i.u.g.PublishedGradleVersions - Gradle version information cache is up-to-date. Trying to read.
2021-09-10 07:11:57,706 [Worker-4: Building] WARN  o.e.m.c.i.embedder.EclipseLogger - Using platform encoding (Cp1252 actually) to copy filtered resources, i.e. build is platform dependent!
2021-09-10 07:11:57,709 [Worker-4: Building] INFO  o.e.m.c.i.embedder.EclipseLogger - skip non existing resourceDirectory F:\2_Semestre\TI_2\Teste\Exemplo02\ti2cc\fonte\bancodedados\01ConexaoPostgres\src\main\resources
2021-09-10 07:11:57,711 [Worker-4: Building] WARN  o.e.m.c.i.embedder.EclipseLogger - Using platform encoding (Cp1252 actually) to copy filtered resources, i.e. build is platform dependent!
2021-09-10 07:11:57,712 [Worker-4: Building] INFO  o.e.m.c.i.embedder.EclipseLogger - skip non existing resourceDirectory F:\2_Semestre\TI_2\Teste\Exemplo02\ti2cc\fonte\bancodedados\01ConexaoPostgres\src\test\resources
2021-09-10 07:12:01,598 [Worker-1: Building] WARN  o.e.m.c.i.embedder.EclipseLogger - Using platform encoding (Cp1252 actually) to copy filtered resources, i.e. build is platform dependent!
2021-09-10 07:12:01,637 [Worker-1: Building] INFO  o.e.m.c.i.embedder.EclipseLogger - skip non existing resourceDirectory F:\2_Semestre\TI_2\Teste\Exemplo02\ti2cc\fonte\bancodedados\01ConexaoPostgres\src\main\resources
2021-09-10 07:12:01,638 [Worker-1: Building] WARN  o.e.m.c.i.embedder.EclipseLogger - Using platform encoding (Cp1252 actually) to copy filtered resources, i.e. build is platform dependent!
2021-09-10 07:12:01,640 [Worker-1: Building] INFO  o.e.m.c.i.embedder.EclipseLogger - skip non existing resourceDirectory F:\2_Semestre\TI_2\Teste\Exemplo02\ti2cc\fonte\bancodedados\01ConexaoPostgres\src\test\resources
2021-09-10 07:15:44,143 [Worker-20: Building] WARN  o.e.m.c.i.embedder.EclipseLogger - Using platform encoding (Cp1252 actually) to copy filtered resources, i.e. build is platform dependent!
2021-09-10 07:15:44,144 [Worker-20: Building] INFO  o.e.m.c.i.embedder.EclipseLogger - skip non existing resourceDirectory F:\2_Semestre\TI_2\Teste\Exemplo02\ti2cc\fonte\bancodedados\01ConexaoPostgres\src\main\resources
2021-09-10 07:15:44,146 [Worker-20: Building] WARN  o.e.m.c.i.embedder.EclipseLogger - Using platform encoding (Cp1252 actually) to copy filtered resources, i.e. build is platform dependent!
2021-09-10 07:15:44,147 [Worker-20: Building] INFO  o.e.m.c.i.embedder.EclipseLogger - skip non existing resourceDirectory F:\2_Semestre\TI_2\Teste\Exemplo02\ti2cc\fonte\bancodedados\01ConexaoPostgres\src\test\resources
2021-09-10 07:16:58,436 [Worker-18: Building] WARN  o.e.m.c.i.embedder.EclipseLogger - Using platform encoding (Cp1252 actually) to copy filtered resources, i.e. build is platform dependent!
2021-09-10 07:16:58,438 [Worker-18: Building] INFO  o.e.m.c.i.embedder.EclipseLogger - skip non existing resourceDirectory F:\2_Semestre\TI_2\Teste\Exemplo02\ti2cc\fonte\bancodedados\01ConexaoPostgres\src\main\resources
2021-09-10 07:16:58,440 [Worker-18: Building] WARN  o.e.m.c.i.embedder.EclipseLogger - Using platform encoding (Cp1252 actually) to copy filtered resources, i.e. build is platform dependent!
2021-09-10 07:16:58,441 [Worker-18: Building] INFO  o.e.m.c.i.embedder.EclipseLogger - skip non existing resourceDirectory F:\2_Semestre\TI_2\Teste\Exemplo02\ti2cc\fonte\bancodedados\01ConexaoPostgres\src\test\resources
2021-09-10 07:23:29,670 [Worker-13: Launching Principal] WARN  o.e.m.c.i.embedder.EclipseLogger - Using platform encoding (Cp1252 actually) to copy filtered resources, i.e. build is platform dependent!
2021-09-10 07:23:29,675 [Worker-13: Launching Principal] INFO  o.e.m.c.i.embedder.EclipseLogger - skip non existing resourceDirectory F:\2_Semestre\TI_2\Teste\Exemplo02\ti2cc\fonte\bancodedados\01ConexaoPostgres\src\main\resources
2021-09-10 07:23:29,677 [Worker-13: Launching Principal] WARN  o.e.m.c.i.embedder.EclipseLogger - Using platform encoding (Cp1252 actually) to copy filtered resources, i.e. build is platform dependent!
2021-09-10 07:23:29,678 [Worker-13: Launching Principal] INFO  o.e.m.c.i.embedder.EclipseLogger - skip non existing resourceDirectory F:\2_Semestre\TI_2\Teste\Exemplo02\ti2cc\fonte\bancodedados\01ConexaoPostgres\src\test\resources
2021-09-10 07:36:45,823 [Worker-30: Launching Executing test in F__2_Semestre_TI_2_Teste_Exemplo02_ti2cc_fonte_bancodedados_01ConexaoPostgres] INFO  o.e.m.i.launch.MavenLaunchDelegate - F:\2_Semestre\TI_2\Teste\Exemplo02\ti2cc\fonte\bancodedados\01ConexaoPostgres
2021-09-10 07:36:45,826 [Worker-30: Launching Executing test in F__2_Semestre_TI_2_Teste_Exemplo02_ti2cc_fonte_bancodedados_01ConexaoPostgres] INFO  o.e.m.i.launch.MavenLaunchDelegate -  mvn -B test
2021-09-10 07:36:51,541 [Worker-32: Building] WARN  o.e.m.c.i.embedder.EclipseLogger - Using platform encoding (Cp1252 actually) to copy filtered resources, i.e. build is platform dependent!
2021-09-10 07:36:51,542 [Worker-32: Building] INFO  o.e.m.c.i.embedder.EclipseLogger - skip non existing resourceDirectory F:\2_Semestre\TI_2\Teste\Exemplo02\ti2cc\fonte\bancodedados\01ConexaoPostgres\src\main\resources
2021-09-10 07:36:51,543 [Worker-32: Building] WARN  o.e.m.c.i.embedder.EclipseLogger - Using platform encoding (Cp1252 actually) to copy filtered resources, i.e. build is platform dependent!
2021-09-10 07:36:51,545 [Worker-32: Building] INFO  o.e.m.c.i.embedder.EclipseLogger - skip non existing resourceDirectory F:\2_Semestre\TI_2\Teste\Exemplo02\ti2cc\fonte\bancodedados\01ConexaoPostgres\src\test\resources
2021-09-10 07:39:26,690 [Worker-30: Building] WARN  o.e.m.c.i.embedder.EclipseLogger - Using platform encoding (Cp1252 actually) to copy filtered resources, i.e. build is platform dependent!
2021-09-10 07:39:26,691 [Worker-30: Building] INFO  o.e.m.c.i.embedder.EclipseLogger - skip non existing resourceDirectory F:\2_Semestre\TI_2\Teste\Exemplo02\ti2cc\fonte\bancodedados\01ConexaoPostgres\src\main\resources
2021-09-10 07:39:26,693 [Worker-30: Building] WARN  o.e.m.c.i.embedder.EclipseLogger - Using platform encoding (Cp1252 actually) to copy filtered resources, i.e. build is platform dependent!
2021-09-10 07:39:26,694 [Worker-30: Building] INFO  o.e.m.c.i.embedder.EclipseLogger - skip non existing resourceDirectory F:\2_Semestre\TI_2\Teste\Exemplo02\ti2cc\fonte\bancodedados\01ConexaoPostgres\src\test\resources
2021-09-10 07:39:45,644 [Worker-31: Launching Executing test in F__2_Semestre_TI_2_Teste_Exemplo02_ti2cc_fonte_bancodedados_01ConexaoPostgres] INFO  o.e.m.i.launch.MavenLaunchDelegate - F:\2_Semestre\TI_2\Teste\Exemplo02\ti2cc\fonte\bancodedados\01ConexaoPostgres
2021-09-10 07:39:45,644 [Worker-31: Launching Executing test in F__2_Semestre_TI_2_Teste_Exemplo02_ti2cc_fonte_bancodedados_01ConexaoPostgres] INFO  o.e.m.i.launch.MavenLaunchDelegate -  mvn -B test
2021-09-10 07:40:13,126 [Worker-36: Building] WARN  o.e.m.c.i.embedder.EclipseLogger - Using platform encoding (Cp1252 actually) to copy filtered resources, i.e. build is platform dependent!
2021-09-10 07:40:13,128 [Worker-36: Building] INFO  o.e.m.c.i.embedder.EclipseLogger - skip non existing resourceDirectory F:\2_Semestre\TI_2\Teste\Exemplo02\ti2cc\fonte\bancodedados\01ConexaoPostgres\src\main\resources
2021-09-10 07:40:13,129 [Worker-36: Building] WARN  o.e.m.c.i.embedder.EclipseLogger - Using platform encoding (Cp1252 actually) to copy filtered resources, i.e. build is platform dependent!
2021-09-10 07:40:13,130 [Worker-36: Building] INFO  o.e.m.c.i.embedder.EclipseLogger - skip non existing resourceDirectory F:\2_Semestre\TI_2\Teste\Exemplo02\ti2cc\fonte\bancodedados\01ConexaoPostgres\src\test\resources
2021-09-10 07:40:28,006 [Worker-35: Launching Principal] INFO  o.e.m.c.i.l.LifecycleMappingFactory - Using org.eclipse.m2e.jdt.JarLifecycleMapping lifecycle mapping for MavenProject: com.ti2cc:01ConexaoPostgres:0.0.1-SNAPSHOT @ F:\2_Semestre\TI_2\Teste\Exemplo02\ti2cc\fonte\bancodedados\01ConexaoPostgres\pom.xml.
2021-09-10 07:40:28,307 [Worker-35: Launching Principal] WARN  o.e.m.c.i.embedder.EclipseLogger - Using platform encoding (Cp1252 actually) to copy filtered resources, i.e. build is platform dependent!
2021-09-10 07:40:28,308 [Worker-35: Launching Principal] INFO  o.e.m.c.i.embedder.EclipseLogger - skip non existing resourceDirectory F:\2_Semestre\TI_2\Teste\Exemplo02\ti2cc\fonte\bancodedados\01ConexaoPostgres\src\main\resources
2021-09-10 07:40:28,310 [Worker-35: Launching Principal] WARN  o.e.m.c.i.embedder.EclipseLogger - Using platform encoding (Cp1252 actually) to copy filtered resources, i.e. build is platform dependent!
2021-09-10 07:40:28,311 [Worker-35: Launching Principal] INFO  o.e.m.c.i.embedder.EclipseLogger - skip non existing resourceDirectory F:\2_Semestre\TI_2\Teste\Exemplo02\ti2cc\fonte\bancodedados\01ConexaoPostgres\src\test\resources
2021-09-10 07:41:45,627 [Worker-35: Launching Principal] WARN  o.e.m.c.i.embedder.EclipseLogger - Using platform encoding (Cp1252 actually) to copy filtered resources, i.e. build is platform dependent!
2021-09-10 07:41:45,629 [Worker-35: Launching Principal] INFO  o.e.m.c.i.embedder.EclipseLogger - skip non existing resourceDirectory F:\2_Semestre\TI_2\Teste\Exemplo02\ti2cc\fonte\bancodedados\01ConexaoPostgres\src\main\resources
2021-09-10 07:41:45,630 [Worker-35: Launching Principal] WARN  o.e.m.c.i.embedder.EclipseLogger - Using platform encoding (Cp1252 actually) to copy filtered resources, i.e. build is platform dependent!
2021-09-10 07:41:45,631 [Worker-35: Launching Principal] INFO  o.e.m.c.i.embedder.EclipseLogger - skip non existing resourceDirectory F:\2_Semestre\TI_2\Teste\Exemplo02\ti2cc\fonte\bancodedados\01ConexaoPostgres\src\test\resources
2021-09-10 07:41:45,752 [Worker-35: Building] WARN  o.e.m.c.i.embedder.EclipseLogger - Using platform encoding (Cp1252 actually) to copy filtered resources, i.e. build is platform dependent!
2021-09-10 07:41:45,753 [Worker-35: Building] INFO  o.e.m.c.i.embedder.EclipseLogger - skip non existing resourceDirectory F:\2_Semestre\TI_2\Teste\Exemplo02\ti2cc\fonte\bancodedados\01ConexaoPostgres\src\main\resources
2021-09-10 07:41:45,754 [Worker-35: Building] WARN  o.e.m.c.i.embedder.EclipseLogger - Using platform encoding (Cp1252 actually) to copy filtered resources, i.e. build is platform dependent!
2021-09-10 07:41:45,756 [Worker-35: Building] INFO  o.e.m.c.i.embedder.EclipseLogger - skip non existing resourceDirectory F:\2_Semestre\TI_2\Teste\Exemplo02\ti2cc\fonte\bancodedados\01ConexaoPostgres\src\test\resources
2021-09-10 07:42:14,902 [Worker-33: Launching Principal] WARN  o.e.m.c.i.embedder.EclipseLogger - Using platform encoding (Cp1252 actually) to copy filtered resources, i.e. build is platform dependent!
2021-09-10 07:42:14,903 [Worker-33: Launching Principal] INFO  o.e.m.c.i.embedder.EclipseLogger - skip non existing resourceDirectory F:\2_Semestre\TI_2\Teste\Exemplo02\ti2cc\fonte\bancodedados\01ConexaoPostgres\src\main\resources
2021-09-10 07:42:14,905 [Worker-33: Launching Principal] WARN  o.e.m.c.i.embedder.EclipseLogger - Using platform encoding (Cp1252 actually) to copy filtered resources, i.e. build is platform dependent!
2021-09-10 07:42:14,906 [Worker-33: Launching Principal] INFO  o.e.m.c.i.embedder.EclipseLogger - skip non existing resourceDirectory F:\2_Semestre\TI_2\Teste\Exemplo02\ti2cc\fonte\bancodedados\01ConexaoPostgres\src\test\resources
2021-09-10 07:43:55,741 [Worker-30: Launching Principal] WARN  o.e.m.c.i.embedder.EclipseLogger - Using platform encoding (Cp1252 actually) to copy filtered resources, i.e. build is platform dependent!
2021-09-10 07:43:55,744 [Worker-30: Launching Principal] INFO  o.e.m.c.i.embedder.EclipseLogger - skip non existing resourceDirectory F:\2_Semestre\TI_2\Teste\Exemplo02\ti2cc\fonte\bancodedados\01ConexaoPostgres\src\main\resources
2021-09-10 07:43:55,746 [Worker-30: Launching Principal] WARN  o.e.m.c.i.embedder.EclipseLogger - Using platform encoding (Cp1252 actually) to copy filtered resources, i.e. build is platform dependent!
2021-09-10 07:43:55,747 [Worker-30: Launching Principal] INFO  o.e.m.c.i.embedder.EclipseLogger - skip non existing resourceDirectory F:\2_Semestre\TI_2\Teste\Exemplo02\ti2cc\fonte\bancodedados\01ConexaoPostgres\src\test\resources
2021-09-10 07:44:13,584 [Worker-35: Launching Principal] WARN  o.e.m.c.i.embedder.EclipseLogger - Using platform encoding (Cp1252 actually) to copy filtered resources, i.e. build is platform dependent!
2021-09-10 07:44:13,585 [Worker-35: Launching Principal] INFO  o.e.m.c.i.embedder.EclipseLogger - skip non existing resourceDirectory F:\2_Semestre\TI_2\Teste\Exemplo02\ti2cc\fonte\bancodedados\01ConexaoPostgres\src\main\resources
2021-09-10 07:44:13,586 [Worker-35: Launching Principal] WARN  o.e.m.c.i.embedder.EclipseLogger - Using platform encoding (Cp1252 actually) to copy filtered resources, i.e. build is platform dependent!
2021-09-10 07:44:13,587 [Worker-35: Launching Principal] INFO  o.e.m.c.i.embedder.EclipseLogger - skip non existing resourceDirectory F:\2_Semestre\TI_2\Teste\Exemplo02\ti2cc\fonte\bancodedados\01ConexaoPostgres\src\test\resources
2021-09-10 08:09:30,327 [Worker-39: Launching Principal] WARN  o.e.m.c.i.embedder.EclipseLogger - Using platform encoding (Cp1252 actually) to copy filtered resources, i.e. build is platform dependent!
2021-09-10 08:09:30,328 [Worker-39: Launching Principal] INFO  o.e.m.c.i.embedder.EclipseLogger - skip non existing resourceDirectory F:\2_Semestre\TI_2\Teste\Exemplo02\ti2cc\fonte\bancodedados\01ConexaoPostgres\src\main\resources
2021-09-10 08:09:30,330 [Worker-39: Launching Principal] WARN  o.e.m.c.i.embedder.EclipseLogger - Using platform encoding (Cp1252 actually) to copy filtered resources, i.e. build is platform dependent!
2021-09-10 08:09:30,331 [Worker-39: Launching Principal] INFO  o.e.m.c.i.embedder.EclipseLogger - skip non existing resourceDirectory F:\2_Semestre\TI_2\Teste\Exemplo02\ti2cc\fonte\bancodedados\01ConexaoPostgres\src\test\resources
2021-09-10 09:13:11,232 [Git Repository Closer] WARN  org.eclipse.jgit.lib.Repository - close() called when useCnt is already zero for Repository[E:\ti2cc\.git]
2021-09-10 09:15:28,761 [Worker-71: Building] WARN  o.e.m.c.i.embedder.EclipseLogger - Using platform encoding (Cp1252 actually) to copy filtered resources, i.e. build is platform dependent!
2021-09-10 09:15:28,763 [Worker-71: Building] INFO  o.e.m.c.i.embedder.EclipseLogger - skip non existing resourceDirectory F:\2_Semestre\TI_2\Teste\Exemplo02\ti2cc\fonte\bancodedados\01ConexaoPostgres\src\main\resources
2021-09-10 09:15:28,772 [Worker-71: Building] WARN  o.e.m.c.i.embedder.EclipseLogger - Using platform encoding (Cp1252 actually) to copy filtered resources, i.e. build is platform dependent!
2021-09-10 09:15:28,773 [Worker-71: Building] INFO  o.e.m.c.i.embedder.EclipseLogger - skip non existing resourceDirectory F:\2_Semestre\TI_2\Teste\Exemplo02\ti2cc\fonte\bancodedados\01ConexaoPostgres\src\test\resources
2021-09-10 09:15:35,909 [Worker-63: Building] WARN  o.e.m.c.i.embedder.EclipseLogger - Using platform encoding (Cp1252 actually) to copy filtered resources, i.e. build is platform dependent!
2021-09-10 09:15:35,911 [Worker-63: Building] INFO  o.e.m.c.i.embedder.EclipseLogger - skip non existing resourceDirectory F:\2_Semestre\TI_2\Teste\Exemplo02\ti2cc\fonte\bancodedados\01ConexaoPostgres\src\main\resources
2021-09-10 09:15:35,912 [Worker-63: Building] WARN  o.e.m.c.i.embedder.EclipseLogger - Using platform encoding (Cp1252 actually) to copy filtered resources, i.e. build is platform dependent!
2021-09-10 09:15:35,913 [Worker-63: Building] INFO  o.e.m.c.i.embedder.EclipseLogger - skip non existing resourceDirectory F:\2_Semestre\TI_2\Teste\Exemplo02\ti2cc\fonte\bancodedados\01ConexaoPostgres\src\test\resources
2021-09-10 09:20:55,990 [Worker-5: Loading available Gradle versions] INFO  o.e.b.c.i.u.g.PublishedGradleVersions - Gradle version information cache is out-of-date. Trying to update.
